<?xml version="1.0" encoding="UTF-8"?>
<!-- Generated by org.testng.reporters.JUnitReportReporter -->
<testsuite skipped="0" hostname="DESKTOP-1CL96PN" name="Com.DriverSetUp.BrowserLaunch" tests="1" failures="0" timestamp="24 Nov 2019 15:24:12 GMT" time="8.148" errors="0">
  <testcase name="Url_Launch" time="8.148" classname="Com.DriverSetUp.BrowserLaunch"/>
</testsuite> <!-- Com.DriverSetUp.BrowserLaunch -->
